* using log directory ‘/Users/aarushisahejpal/Dropbox/chris_c_independant/disclosur/lobbyr/lobbyR.Rcheck’
* using R version 4.3.2 (2023-10-31)
* using platform: x86_64-apple-darwin20 (64-bit)
* R was compiled by
    Apple clang version 14.0.0 (clang-1400.0.29.202)
    GNU Fortran (GCC) 12.2.0
* running under: macOS Sonoma 14.5
* using session charset: UTF-8
* using option ‘--as-cran’
* checking for file ‘lobbyR/DESCRIPTION’ ... OK
* checking extension type ... Package
* this is package ‘lobbyR’ version ‘0.1.0’
* package encoding: UTF-8
* checking CRAN incoming feasibility ... [4s/15s] NOTE
Maintainer: ‘Chris Cioffi <chrisjcioffi@gmail.com>’

New submission

The Description field should not start with the package name,
  'This package' or similar.

Size of tarball: 6210712 bytes
* checking package namespace information ... OK
* checking package dependencies ... OK
* checking if this is a source package ... OK
* checking if there is a namespace ... OK
* checking for executable files ... OK
* checking for hidden files and directories ... OK
* checking for portable file names ... OK
* checking for sufficient/correct file permissions ... OK
* checking serialization versions ... OK
* checking whether package ‘lobbyR’ can be installed ... OK
* checking installed package size ... OK
* checking package directory ... OK
* checking for future file timestamps ... NOTE
unable to verify current time
* checking DESCRIPTION meta-information ... OK
* checking top-level files ... NOTE
File
  LICENSE
is not mentioned in the DESCRIPTION file.
Non-standard files/directories found at top level:
  ‘license’ ‘resps_request_result.rds’
* checking for left-over files ... OK
* checking index information ... OK
* checking package subdirectories ... OK
* checking R files for non-ASCII characters ... OK
* checking R files for syntax errors ... OK
* checking whether the package can be loaded ... OK
* checking whether the package can be loaded with stated dependencies ... OK
* checking whether the package can be unloaded cleanly ... OK
* checking whether the namespace can be loaded with stated dependencies ... OK
* checking whether the namespace can be unloaded cleanly ... OK
* checking loading without being on the library search path ... OK
* checking use of S3 registration ... OK
* checking dependencies in R code ... NOTE
Namespaces in Imports field not imported from:
  ‘cli’ ‘glue’ ‘lifecycle’ ‘purrr’ ‘readr’ ‘withr’
  All declared Imports should be used.
* checking S3 generic/method consistency ... OK
* checking replacement functions ... OK
* checking foreign function calls ... OK
* checking R code for possible problems ... OK
* checking Rd files ... OK
* checking Rd metadata ... OK
* checking Rd line widths ... NOTE
Rd file 'flag_client_registrant_conflict.Rd':
  \examples lines wider than 100 characters:
     flagged_conflict <- flag_client_registrant_conflict(bigger_temp, flag_conflict = TRUE, clean_doublecounts = TRUE)
     flagged_only <- flag_client_registrant_conflict(bigger_temp, flag_conflict = TRUE, clean_doublecounts = FALSE)

These lines will be truncated in the PDF manual.
* checking Rd cross-references ... OK
* checking for missing documentation entries ... OK
* checking for code/documentation mismatches ... OK
* checking Rd \usage sections ... OK
* checking Rd contents ... OK
* checking for unstated dependencies in examples ... OK
* checking examples ... ERROR
Running examples in ‘lobbyR-Ex.R’ failed
The error most likely occurred in:

> base::assign(".ptime", proc.time(), pos = "CheckExEnv")
> ### Name: flag_client_registrant_conflict
> ### Title: Identify and Resolve Potential Double-Counting of
> ###   Client/Registrant
> ### Aliases: flag_client_registrant_conflict
> 
> ### ** Examples
> 
> # Flag and clean potential double-counting cases
> flagged_conflict <- flag_client_registrant_conflict(bigger_temp, flag_conflict = TRUE, clean_doublecounts = TRUE)
Error: object 'bigger_temp' not found
Execution halted
* checking for unstated dependencies in ‘tests’ ... OK
* checking tests ... OK
  Running ‘spelling.R’
* checking PDF version of manual ... [12s/15s] OK
* checking HTML version of manual ... NOTE
Found the following HTML validation problems:
flag_client_registrant_conflict.html:4:1 (flag_client_registrant_conflict.Rd:5): Warning: <link> inserting "type" attribute
flag_client_registrant_conflict.html:12:1 (flag_client_registrant_conflict.Rd:5): Warning: <script> proprietary attribute "onload"
flag_client_registrant_conflict.html:12:1 (flag_client_registrant_conflict.Rd:5): Warning: <script> inserting "type" attribute
flag_client_registrant_conflict.html:17:1 (flag_client_registrant_conflict.Rd:5): Warning: <table> lacks "summary" attribute
flag_client_registrant_conflict.html:39:1 (flag_client_registrant_conflict.Rd:14): Warning: <table> lacks "summary" attribute
flag_dupes.html:4:1 (flag_dupes.Rd:5): Warning: <link> inserting "type" attribute
flag_dupes.html:12:1 (flag_dupes.Rd:5): Warning: <script> proprietary attribute "onload"
flag_dupes.html:12:1 (flag_dupes.Rd:5): Warning: <script> inserting "type" attribute
flag_dupes.html:17:1 (flag_dupes.Rd:5): Warning: <table> lacks "summary" attribute
flag_dupes.html:42:1 (flag_dupes.Rd:14): Warning: <table> lacks "summary" attribute
get_filings.html:4:1 (get_filings.Rd:5): Warning: <link> inserting "type" attribute
get_filings.html:12:1 (get_filings.Rd:5): Warning: <script> proprietary attribute "onload"
get_filings.html:12:1 (get_filings.Rd:5): Warning: <script> inserting "type" attribute
get_filings.html:17:1 (get_filings.Rd:5): Warning: <table> lacks "summary" attribute
get_filings.html:49:1 (get_filings.Rd:21): Warning: <table> lacks "summary" attribute
lobbyR-package.html:4:1 (lobbyR-package.Rd:7): Warning: <link> inserting "type" attribute
lobbyR-package.html:12:1 (lobbyR-package.Rd:7): Warning: <script> proprietary attribute "onload"
lobbyR-package.html:12:1 (lobbyR-package.Rd:7): Warning: <script> inserting "type" attribute
lobbyR-package.html:17:1 (lobbyR-package.Rd:7): Warning: <table> lacks "summary" attribute
set_senate_api_key.html:4:1 (set_senate_api_key.Rd:5): Warning: <link> inserting "type" attribute
set_senate_api_key.html:12:1 (set_senate_api_key.Rd:5): Warning: <script> proprietary attribute "onload"
set_senate_api_key.html:12:1 (set_senate_api_key.Rd:5): Warning: <script> inserting "type" attribute
set_senate_api_key.html:17:1 (set_senate_api_key.Rd:5): Warning: <table> lacks "summary" attribute
set_senate_api_key.html:35:1 (set_senate_api_key.Rd:10): Warning: <table> lacks "summary" attribute
* checking for non-standard things in the check directory ... OK
* checking for detritus in the temp directory ... OK
* DONE
Status: 1 ERROR, 6 NOTEs
