Hmm ... looks like a package
Converting parsed Rd's to LaTeX 
Creating pdf output from LaTeX ...
Error in texi2dvi(file = file, pdf = TRUE, clean = clean, quiet = quiet,  : 
  Running 'texi2dvi' on 'Rd2.tex' failed.
Messages:
/opt/R/x86_64/bin/texi2dvi: makeindex failed
Output:
This is pdfTeX, Version 3.141592653-2.6-1.40.25 (TeX Live 2023) (preloaded format=pdflatex)
 restricted \write18 enabled.
entering extended mode
LaTeX2e <2023-11-01> patch level 1
L3 programming layer <2024-02-20>
(./Rd2.tex
(/Users/aarushisahejpal/Library/TinyTeX/texmf-dist/tex/latex/base/book.cls
Document Class: book 2023/05/17 v1.4n Standard LaTeX document class
(/Users/aarushisahejpal/Library/TinyTeX/texmf-dist/tex/latex/base/bk10.clo)) (/Library/Frameworks/R.framework/Resources/share/texmf/tex/latex/Rd.sty (/Users/aarushisahejpal/Library/TinyTeX/texmf-dist/tex/latex/base/ifthen.sty) (/Users/aarushisahejpal/Library/TinyTeX/texmf-dist/tex/latex/tools/longtable.sty) (/Users/aarushisahejpal/Library/TinyTeX/texmf-dist/tex/latex/tools/bm.sty) (/Users/aarushisahejpal/Library/TinyTeX/texmf-dist/tex/latex/base/alltt.sty) (/Users/aarushisahejpal/Library/TinyTeX/texmf-dist/tex/latex/tools/verbatim.sty) (/Users/aarushisahejpal/Library/TinyTeX/texmf-dist/tex/latex/url/url.sty) (/Users/aarushisahejpal/Library/TinyTeX/texmf-dist/tex/latex/base/textcomp.sty) (/Users/aarushisahejpal/Library/TinyTeX/texmf-dist/tex/latex/amsmath/amsmath.sty
For additional information on amsmath, use the `?' option.
(/Users/aarushisahejpal/Library/TinyTeX/texmf-dist/tex/latex/amsmath/amstext.sty (/Users/aarushisahejpal/Library/TinyTeX/texmf-dist/tex/latex/amsmath/amsgen.sty)) (/Users/aarushisahejpal/Library/TinyTeX/texmf-dist/tex/latex/amsmath/amsbsy.sty) (/Users/aarushisahejpal/Library/TinyTeX/texmf-dist/tex/latex/amsmath/amsopn.sty)) (/Users/aarushisahejpal/Library/TinyTeX/texmf-dist/tex/latex/amsfonts/amsfonts.sty) (/Users/aarushisahejpal/Library/TinyTeX/texmf-dist/tex/latex/amsfonts/amssymb.sty) (/Users/aarushisahejpal/Library/TinyTeX/texmf-dist/tex/latex/amsfonts/eucal.sty) (/Users/aarushisahejpal/Library/TinyTeX/texmf-dist/tex/generic/iftex/iftex.sty) (/Users/aarushisahejpal/Library/TinyTeX/texmf-dist/tex/latex/base/fontenc.sty) (/Users/aarushisahejpal/Library/TinyTeX/texmf-dist/tex/latex/psnfss/times.sty) (/Users/aarushisahejpal/Library/TinyTeX/texmf-dist/tex/latex/inconsolata/zi4.sty `inconsolata-zi4' v1.12, 2019/05/17 Text macros for Inconsolata (msharpe) (/Users/aarushisahejpal/Library/TinyTeX/texmf-dist/tex/latex/xkeyval/xkeyval.sty (/Users/aarushisahejpal/Library/TinyTeX/texmf-dist/tex/generic/xkeyval/xkeyval.tex (/Users/aarushisahejpal/Library/TinyTeX/texmf-dist/tex/generic/xkeyval/xkvutils.tex (/Users/aarushisahejpal/Library/TinyTeX/texmf-dist/tex/generic/xkeyval/keyval.tex))))) (/Users/aarushisahejpal/Library/TinyTeX/texmf-dist/tex/latex/graphics/color.sty (/Users/aarushisahejpal/Library/TinyTeX/texmf-dist/tex/latex/graphics-cfg/color.cfg) (/Users/aarushisahejpal/Library/TinyTeX/texmf-dist/tex/latex/graphics-def/pdftex.def) (/Users/aarushisahejpal/Library/TinyTeX/texmf-dist/tex/latex/graphics/mathcolor.ltx)) (/Users/aarushisahejpal/Library/TinyTeX/texmf-dist/tex/latex/hyperref/hyperref.sty (/Users/aarushisahejpal/Library/TinyTeX/texmf-dist/tex/latex/kvsetkeys/kvsetkeys.sty) (/Users/aarushisahejpal/Library/TinyTeX/texmf-dist/tex/generic/kvdefinekeys/kvdefinekeys.sty) (/Users/aarushisahejpal/Library/TinyTeX/texmf-dist/tex/generic/pdfescape/pdfescape.sty (/Users/aarushisahejpal/Library/TinyTeX/texmf-dist/tex/generic/ltxcmds/ltxcmds.sty) (/Users/aarushisahejpal/Library/TinyTeX/texmf-dist/tex/generic/pdftexcmds/pdftexcmds.sty (/Users/aarushisahejpal/Library/TinyTeX/texmf-dist/tex/generic/infwarerr/infwarerr.sty))) (/Users/aarushisahejpal/Library/TinyTeX/texmf-dist/tex/latex/hycolor/hycolor.sty) (/Users/aarushisahejpal/Library/TinyTeX/texmf-dist/tex/latex/auxhook/auxhook.sty) (/Users/aarushisahejpal/Library/TinyTeX/texmf-dist/tex/latex/hyperref/nameref.sty (/Users/aarushisahejpal/Library/TinyTeX/texmf-dist/tex/latex/refcount/refcount.sty) (/Users/aarushisahejpal/Library/TinyTeX/texmf-dist/tex/generic/gettitlestring/gettitlestring.sty (/Users/aarushisahejpal/Library/TinyTeX/texmf-dist/tex/latex/kvoptions/kvoptions.sty))) (/Users/aarushisahejpal/Library/TinyTeX/texmf-dist/tex/latex/etoolbox/etoolbox.sty) (/Users/aarushisahejpal/Library/TinyTeX/texmf-dist/tex/latex/hyperref/pd1enc.def) (/Users/aarushisahejpal/Library/TinyTeX/texmf-dist/tex/generic/intcalc/intcalc.sty) (/Users/aarushisahejpal/Library/TinyTeX/texmf-dist/tex/latex/hyperref/puenc.def) (/Users/aarushisahejpal/Library/TinyTeX/texmf-dist/tex/generic/bitset/bitset.sty (/Users/aarushisahejpal/Library/TinyTeX/texmf-dist/tex/generic/bigintcalc/bigintcalc.sty)) (/Users/aarushisahejpal/Library/TinyTeX/texmf-dist/tex/latex/base/atbegshi-ltx.sty)) (/Users/aarushisahejpal/Library/TinyTeX/texmf-dist/tex/latex/hyperref/hpdftex.def (/Users/aarushisahejpal/Library/TinyTeX/texmf-dist/tex/latex/base/atveryend-ltx.sty) (/Users/aarushisahejpal/Library/TinyTeX/texmf-dist/tex/latex/rerunfilecheck/rerunfilecheck.sty (/Users/aarushisahejpal/Library/TinyTeX/texmf-dist/tex/generic/uniquecounter/uniquecounter.sty)))) (/Users/aarushisahejpal/Library/TinyTeX/texmf-dist/tex/latex/base/makeidx.sty) (/Users/aarushisahejpal/Library/TinyTeX/texmf-dist/tex/latex/base/inputenc.sty)
Writing index file Rd2.idx
(/Users/aarushisahejpal/Library/TinyTeX/texmf-dist/tex/latex/psnfss/t1ptm.fd) (/Users/aarushisahejpal/Library/TinyTeX/texmf-dist/tex/latex/l3backend/l3backend-pdftex.def) (/private/var/folders/kn/rwt3lmvn7gs3vl38bv_ppttw0000gr/T/RtmpdF5UBQ/Rd2pdf764a6c035e42/Rd2.aux) (/private/var/folders/kn/rwt3lmvn7gs3vl38bv_ppttw0000gr/T/RtmpdF5UBQ/Rd2pdf764a6c035e42/Rd2.out) (/private/var/folders/kn/rwt3lmvn7gs3vl38bv_ppttw0000gr/T/RtmpdF5UBQ/Rd2pdf764a6c035e42/Rd2.out) (/Users/aarushisahejpal/Library/TinyTeX/texmf-dist/tex/latex/inconsolata/t1zi4.fd) (/Users/aarushisahejpal/Library/TinyTeX/texmf-dist/tex/latex/amsfonts/umsa.fd) (/Users/aarushisahejpal/Library/TinyTeX/texmf-dist/tex/latex/amsfonts/umsb.fd) (/Users/aarushisahejpal/Library/TinyTeX/texmf-dist/tex/latex/psnfss/t1phv.fd) (/private/var/folders/kn/rwt3lmvn7gs3vl38bv_ppttw0000gr/T/RtmpdF5UBQ/Rd2pdf764a6c035e42/Rd2.toc) [1{/Users/aarushisahejpal/Library/TinyTeX/texmf-var/fonts/map/pdftex/updmap/pdftex.map}{/Users/aarushisahejpal/Library/TinyTeX/texmf-dist/fonts/enc/dvips/base/8r.enc}{/Users/aarushisahejpal/Library/TinyTeX/texmf-dist/fonts/enc/dvips/inconsolata/i4-t1-0.enc}] (/Users/aarushisahejpal/Library/TinyTeX/texmf-dist/tex/latex/psnfss/ts1ptm.fd) [2]
Overfull \hbox (101.25635pt too wide) in paragraph at lines 114--114
 []\T1/zi4/m/n/9 flagged_conflict <- flag_client_registrant_conflict(bigger_temp, flag_conflict = TRUE, clean_doublecounts = TRUE)[] 

Overfull \hbox (87.75635pt too wide) in paragraph at lines 117--117
 []\T1/zi4/m/n/9 flagged_only <- flag_client_registrant_conflict(bigger_temp, flag_conflict = TRUE, clean_doublecounts = FALSE)[] 
[3]
Overfull \hbox (7.95686pt too wide) in paragraph at lines 158--159
[]\T1/zi4/m/n/10 checkme[]\T1/ptm/m/n/10 : "CHECK" if the row is flagged as po-ten-tially prob-lem-atic, oth-er-wise "PASS CHECK". 

Overfull \hbox (89.08505pt too wide) in paragraph at lines 190--194
[]\T1/ptm/m/n/10 'get_filings()' al-lows users to search the Sen-ate fed-eral lob-by-ing dis-clo-sures database (https://lda.senate.gov/api/redoc/v1/)
[4]
Overfull \hbox (4.91737pt too wide) in paragraph at lines 215--216
[]\T1/ptm/m/n/10 Optional, but when us-ing mul-ti-ple search terms, must be paired with iis-sue_joiner.

Overfull \hbox (30.7177pt too wide) in paragraph at lines 221--222
\T1/ptm/m/n/10 fol-low-ing can be used "first_quarter" "sec-ond_quarter" "third_quarter" "fourth_quarter".
[5] (/Users/aarushisahejpal/Library/TinyTeX/texmf-dist/tex/latex/inconsolata/ts1zi4.fd) [6{/Users/aarushisahejpal/Library/TinyTeX/texmf-dist/fonts/enc/dvips/inconsolata/i4-ts1.enc}]
No file Rd2.ind.
[7] (/private/var/folders/kn/rwt3lmvn7gs3vl38bv_ppttw0000gr/T/RtmpdF5UBQ/Rd2pdf764a6c035e42/Rd2.aux) )
(see the transcript file for additional information)</Users/aarushisahejpal/Library/TinyTeX/texmf-dist/fonts/type1/public/inconsolata/Inconsolata-zi4r.pfb></Users/aarushisahejpal/Library/TinyTeX/texmf-dist/fonts/type1/urw/helvetic/uhvr8a.pfb></Users/aarushisahejpal/Library/TinyTeX/t

This is pdfTeX, Version 3.141592653-2.6-1.40.25 (TeX Live 2023) (preloaded format=pdflatex)
 restricted \write18 enabled.
entering extended mode
LaTeX2e <2023-11-01> patch level 1
L3 programming layer <2024-02-20>
(./Rd2.tex
(/Users/aarushisahejpal/Library/TinyTeX/texmf-dist/tex/latex/base/book.cls
Document Class: book 2023/05/17 v1.4n Standard LaTeX document class
(/Users/aarushisahejpal/Library/TinyTeX/texmf-dist/tex/latex/base/bk10.clo)) (/Library/Frameworks/R.framework/Resources/share/texmf/tex/latex/Rd.sty (/Users/aarushisahejpal/Library/TinyTeX/texmf-dist/tex/latex/base/ifthen.sty) (/Users/aarushisahejpal/Library/TinyTeX/texmf-dist/tex/latex/tools/longtable.sty) (/Users/aarushisahejpal/Library/TinyTeX/texmf-dist/tex/latex/tools/bm.sty) (/Users/aarushisahejpal/Library/TinyTeX/texmf-dist/tex/latex/base/alltt.sty) (/Users/aarushisahejpal/Library/TinyTeX/texmf-dist/tex/latex/tools/verbatim.sty) (/Users/aarushisahejpal/Library/TinyTeX/texmf-dist/tex/latex/url/url.sty) (/Users/aarushisahejpal/Library/TinyTeX/texmf-dist/tex/latex/base/textcomp.sty) (/Users/aarushisahejpal/Library/TinyTeX/texmf-dist/tex/latex/amsmath/amsmath.sty
For additional information on amsmath, use the `?' option.
(/Users/aarushisahejpal/Library/TinyTeX/texmf-dist/tex/latex/amsmath/amstext.sty (/Users/aarushisahejpal/Library/TinyTeX/texmf-dist/tex/latex/amsmath/amsgen.sty)) (/Users/aarushisahejpal/Library/TinyTeX/texmf-dist/tex/latex/amsmath/amsbsy.sty) (/Users/aarushisahejpal/Library/TinyTeX/texmf-dist/tex/latex/amsmath/amsopn.sty)) (/Users/aarushisahejpal/Library/TinyTeX/texmf-dist/tex/latex/amsfonts/amsfonts.sty) (/Users/aarushisahejpal/Library/TinyTeX/texmf-dist/tex/latex/amsfonts/amssymb.sty) (/Users/aarushisahejpal/Library/TinyTeX/texmf-dist/tex/latex/amsfonts/eucal.sty) (/Users/aarushisahejpal/Library/TinyTeX/texmf-dist/tex/generic/iftex/iftex.sty) (/Users/aarushisahejpal/Library/TinyTeX/texmf-dist/tex/latex/base/fontenc.sty) (/Users/aarushisahejpal/Library/TinyTeX/texmf-dist/tex/latex/psnfss/times.sty) (/Users/aarushisahejpal/Library/TinyTeX/texmf-dist/tex/latex/inconsolata/zi4.sty `inconsolata-zi4' v1.12, 2019/05/17 Text macros for Inconsolata (msharpe) (/Users/aarushisahejpal/Library/TinyTeX/texmf-dist/tex/latex/xkeyval/xkeyval.sty (/Users/aarushisahejpal/Library/TinyTeX/texmf-dist/tex/generic/xkeyval/xkeyval.tex (/Users/aarushisahejpal/Library/TinyTeX/texmf-dist/tex/generic/xkeyval/xkvutils.tex (/Users/aarushisahejpal/Library/TinyTeX/texmf-dist/tex/generic/xkeyval/keyval.tex))))) (/Users/aarushisahejpal/Library/TinyTeX/texmf-dist/tex/latex/graphics/color.sty (/Users/aarushisahejpal/Library/TinyTeX/texmf-dist/tex/latex/graphics-cfg/color.cfg) (/Users/aarushisahejpal/Library/TinyTeX/texmf-dist/tex/latex/graphics-def/pdftex.def) (/Users/aarushisahejpal/Library/TinyTeX/texmf-dist/tex/latex/graphics/mathcolor.ltx)) (/Users/aarushisahejpal/Library/TinyTeX/texmf-dist/tex/latex/hyperref/hyperref.sty (/Users/aarushisahejpal/Library/TinyTeX/texmf-dist/tex/latex/kvsetkeys/kvsetkeys.sty) (/Users/aarushisahejpal/Library/TinyTeX/texmf-dist/tex/generic/kvdefinekeys/kvdefinekeys.sty) (/Users/aarushisahejpal/Library/TinyTeX/texmf-dist/tex/generic/pdfescape/pdfescape.sty (/Users/aarushisahejpal/Library/TinyTeX/texmf-dist/tex/generic/ltxcmds/ltxcmds.sty) (/Users/aarushisahejpal/Library/TinyTeX/texmf-dist/tex/generic/pdftexcmds/pdftexcmds.sty (/Users/aarushisahejpal/Library/TinyTeX/texmf-dist/tex/generic/infwarerr/infwarerr.sty))) (/Users/aarushisahejpal/Library/TinyTeX/texmf-dist/tex/latex/hycolor/hycolor.sty) (/Users/aarushisahejpal/Library/TinyTeX/texmf-dist/tex/latex/auxhook/auxhook.sty) (/Users/aarushisahejpal/Library/TinyTeX/texmf-dist/tex/latex/hyperref/nameref.sty (/Users/aarushisahejpal/Library/TinyTeX/texmf-dist/tex/latex/refcount/refcount.sty) (/Users/aarushisahejpal/Library/TinyTeX/texmf-dist/tex/generic/gettitlestring/gettitlestring.sty (/Users/aarushisahejpal/Library/TinyTeX/texmf-dist/tex/latex/kvoptions/kvoptions.sty))) (/Users/aarushisahejpal/Library/TinyTeX/texmf-dist/tex/latex/etoolbox/etoolbox.sty) (/Users/aarushisahejpal/Library/TinyTeX/texmf-dist/tex/latex/hyperref/pd1enc.def) (/Users/aarushisahejpal/Library/TinyTeX/texmf-dist/tex/generic/intcalc/intcalc.sty) (/Users/aarushisahejpal/Library/TinyTeX/texmf-dist/tex/latex/hyperref/puenc.def) (/Users/aarushisahejpal/Library/TinyTeX/texmf-dist/tex/generic/bitset/bitset.sty (/Users/aarushisahejpal/Library/TinyTeX/texmf-dist/tex/generic/bigintcalc/bigintcalc.sty)) (/Users/aarushisahejpal/Library/TinyTeX/texmf-dist/tex/latex/base/atbegshi-ltx.sty)) (/Users/aarushisahejpal/Library/TinyTeX/texmf-dist/tex/latex/hyperref/hpdftex.def (/Users/aarushisahejpal/Library/TinyTeX/texmf-dist/tex/latex/base/atveryend-ltx.sty) (/Users/aarushisahejpal/Library/TinyTeX/texmf-dist/tex/latex/rerunfilecheck/rerunfilecheck.sty (/Users/aarushisahejpal/Library/TinyTeX/texmf-dist/tex/generic/uniquecounter/uniquecounter.sty)))) (/Users/aarushisahejpal/Library/TinyTeX/texmf-dist/tex/latex/base/makeidx.sty) (/Users/aarushisahejpal/Library/TinyTeX/texmf-dist/tex/latex/base/inputenc.sty)
Writing index file Rd2.idx
(/Users/aarushisahejpal/Library/TinyTeX/texmf-dist/tex/latex/psnfss/t1ptm.fd) (/Users/aarushisahejpal/Library/TinyTeX/texmf-dist/tex/latex/l3backend/l3backend-pdftex.def) (/private/var/folders/kn/rwt3lmvn7gs3vl38bv_ppttw0000gr/T/RtmpdF5UBQ/Rd2pdf764a6c035e42/Rd2.aux) (/private/var/folders/kn/rwt3lmvn7gs3vl38bv_ppttw0000gr/T/RtmpdF5UBQ/Rd2pdf764a6c035e42/Rd2.out) (/private/var/folders/kn/rwt3lmvn7gs3vl38bv_ppttw0000gr/T/RtmpdF5UBQ/Rd2pdf764a6c035e42/Rd2.out) (/Users/aarushisahejpal/Library/TinyTeX/texmf-dist/tex/latex/inconsolata/t1zi4.fd) (/Users/aarushisahejpal/Library/TinyTeX/texmf-dist/tex/latex/amsfonts/umsa.fd) (/Users/aarushisahejpal/Library/TinyTeX/texmf-dist/tex/latex/amsfonts/umsb.fd) (/Users/aarushisahejpal/Library/TinyTeX/texmf-dist/tex/latex/psnfss/t1phv.fd) (/private/var/folders/kn/rwt3lmvn7gs3vl38bv_ppttw0000gr/T/RtmpdF5UBQ/Rd2pdf764a6c035e42/Rd2.toc) [1{/Users/aarushisahejpal/Library/TinyTeX/texmf-var/fonts/map/pdftex/updmap/pdftex.map}{/Users/aarushisahejpal/Library/TinyTeX/texmf-dist/fonts/enc/dvips/base/8r.enc}{/Users/aarushisahejpal/Library/TinyTeX/texmf-dist/fonts/enc/dvips/inconsolata/i4-t1-0.enc}] (/Users/aarushisahejpal/Library/TinyTeX/texmf-dist/tex/latex/psnfss/ts1ptm.fd) [2]
Overfull \hbox (101.25635pt too wide) in paragraph at lines 114--114
 []\T1/zi4/m/n/9 flagged_conflict <- flag_client_registrant_conflict(bigger_temp, flag_conflict = TRUE, clean_doublecounts = TRUE)[] 

Overfull \hbox (87.75635pt too wide) in paragraph at lines 117--117
 []\T1/zi4/m/n/9 flagged_only <- flag_client_registrant_conflict(bigger_temp, flag_conflict = TRUE, clean_doublecounts = FALSE)[] 
[3]
Overfull \hbox (7.95686pt too wide) in paragraph at lines 158--159
[]\T1/zi4/m/n/10 checkme[]\T1/ptm/m/n/10 : "CHECK" if the row is flagged as po-ten-tially prob-lem-atic, oth-er-wise "PASS CHECK". 

Overfull \hbox (89.08505pt too wide) in paragraph at lines 190--194
[]\T1/ptm/m/n/10 'get_filings()' al-lows users to search the Sen-ate fed-eral lob-by-ing dis-clo-sures database (https://lda.senate.gov/api/redoc/v1/)
[4]
Overfull \hbox (4.91737pt too wide) in paragraph at lines 215--216
[]\T1/ptm/m/n/10 Optional, but when us-ing mul-ti-ple search terms, must be paired with iis-sue_joiner.

Overfull \hbox (30.7177pt too wide) in paragraph at lines 221--222
\T1/ptm/m/n/10 fol-low-ing can be used "first_quarter" "sec-ond_quarter" "third_quarter" "fourth_quarter".
[5] (/Users/aarushisahejpal/Library/TinyTeX/texmf-dist/tex/latex/inconsolata/ts1zi4.fd) [6{/Users/aarushisahejpal/Library/TinyTeX/texmf-dist/fonts/enc/dvips/inconsolata/i4-ts1.enc}]
No file Rd2.ind.
[7] (/private/var/folders/kn/rwt3lmvn7gs3vl38bv_ppttw0000gr/T/RtmpdF5UBQ/Rd2pdf764a6c035e42/Rd2.aux) )
(see the transcript file for additional information)</Users/aarushisahejpal/Library/TinyTeX/texmf-dist/fonts/type1/public/inconsolata/Inconsolata-zi4r.pfb></Users/aarushisahejpal/Library/TinyTeX/texmf-dist/fonts/type1/urw/helvetic/uhvr8a.pfb></Users/aarushisahejpal/Library/TinyTeX/texmf-dist/fonts/type1/urw/times/utmb8a.pfb></Users/aarushisahejpal/Library/TinyTeX/texmf-dist/fonts/type1/urw/times/utmr8a.pfb></Users/aarushisahejpal/Library/TinyTeX/texmf-dist/fonts/type1/urw/times/utmr8a.pfb></Users/aarushisahejpal/Library/TinyTeX/texmf-dist/fonts/type1/urw/times/utmri8a.pfb>
Output written on Rd2.pdf (7 pages, 95408 bytes).
Transcript written on Rd2.log.
Saving output to ‘lobbyR-manual.pdf’ ...
Done
You may want to clean up by 'rm -Rf /var/folders/kn/rwt3lmvn7gs3vl38bv_ppttw0000gr/T//RtmpdF5UBQ/Rd2pdf764a6c035e42'
